<?xml version="1.0" encoding="UTF-8"?>
<!-- Generated by org.testng.reporters.JUnitReportReporter -->
<testsuite skipped="0" hostname="PDCDT01GY4ZVQ1" name="com.Amazon.TC3o4o14" tests="3" failures="0" timestamp="2020-03-09T08:40:38 GMT" time="24.522" errors="0">
  <testcase name="Step_2" time="14.729" classname="com.Amazon.TC3o4o14"/>
  <testcase name="Step_1" time="4.642" classname="com.Amazon.TC3o4o14"/>
  <testcase name="Step_3" time="5.151" classname="com.Amazon.TC3o4o14"/>
</testsuite> <!-- com.Amazon.TC3o4o14 -->
